app/build/outputs/logs/manifest-merger-debug-report.txt
-- Merging decision tree log ---
manifest
ADDED from src\main\AndroidManifest.xml:2:1-92:12
	package
		ADDED from src\main\AndroidManifest.xml:4:5-35
		INJECTED from src\main\AndroidManifest.xml
		INJECTED from src\main\AndroidManifest.xml
	xmlns:Android
		ADDED from src\main\AndroidManifest.xml:3:5-53
	android:versionName
		INJECTED from src\main\AndroidManifest.xml
		INJECTED from src\main\AndroidManifest.xml
	xmlns:android
		ADDED from src\main\AndroidManifest.xml:2:11-69
	android:versionCode
		INJECTED from src\main\AndroidManifest.xml
		INJECTED from src\main\AndroidManifest.xml
uses-permission#android.permission.INTERNET
ADDED from src\main\AndroidManifest.xml:6:3-64
MERGED from [com.github.LuckSiege.PictureSelector:picture_library:v2.0.7] AndroidManifest.xml:15:5-67
	android:name
		ADDED from src\main\AndroidManifest.xml:6:20-62
uses-permission#android.permission.WRITE_EXTERNAL_STORAGE
ADDED from src\main\AndroidManifest.xml:7:3-78
MERGED from [com.github.LuckSiege.PictureSelector:picture_library:v2.0.7] AndroidManifest.xml:12:5-81
	android:name
		ADDED from src\main\AndroidManifest.xml:7:20-76
uses-permission#android.permission.ACCESS_NETWORK_STATE
ADDED from src\main\AndroidManifest.xml:8:3-76
MERGED from [com.github.LuckSiege.PictureSelector:picture_library:v2.0.7] AndroidManifest.xml:19:5-79
	android:name
		ADDED from src\main\AndroidManifest.xml:8:20-74
uses-permission#android.permission.CAMERA
ADDED from src\main\AndroidManifest.xml:9:3-62
MERGED from [com.github.LuckSiege.PictureSelector:picture_library:v2.0.7] AndroidManifest.xml:13:5-65
	android:name
		ADDED from src\main\AndroidManifest.xml:9:20-60
uses-permission#android.permission.READ_EXTERNAL_STORAGE
ADDED from src\main\AndroidManifest.xml:10:3-77
MERGED from [com.github.LuckSiege.PictureSelector:picture_library:v2.0.7] AndroidManifest.xml:11:5-80
	android:name
		ADDED from src\main\AndroidManifest.xml:10:20-75
uses-permission#android.permission.READ_PHONE_STATE
ADDED from src\main\AndroidManifest.xml:11:3-72
	android:name
		ADDED from src\main\AndroidManifest.xml:11:20-70
uses-permission#android.permission.ACCESS_WIFI_STATE
ADDED from src\main\AndroidManifest.xml:14:3-73
MERGED from [com.github.LuckSiege.PictureSelector:picture_library:v2.0.7] AndroidManifest.xml:17:5-76
	android:name
		ADDED from src\main\AndroidManifest.xml:14:20-71
uses-permission#android.permission.ACCESS_FINE_LOCATION
ADDED from src\main\AndroidManifest.xml:15:3-76
	android:name
		ADDED from src\main\AndroidManifest.xml:15:20-74
uses-permission#android.permission.ACCESS_COARSE_LOCATION
ADDED from src\main\AndroidManifest.xml:16:3-78
	android:name
		ADDED from src\main\AndroidManifest.xml:16:20-76
uses-permission#android.permission.ACCESS_LOCATION_EXTRA_COMMANDS
ADDED from src\main\AndroidManifest.xml:17:3-86
	android:name
		ADDED from src\main\AndroidManifest.xml:17:20-84
application
ADDED from src\main\AndroidManifest.xml:20:3-90:17
MERGED from [bhds:mylibrary:unspecified] AndroidManifest.xml:11:5-20
MERGED from [bhds:wheelview:unspecified] AndroidManifest.xml:11:5-15:19
MERGED from [com.scwang.smartrefresh:SmartRefreshLayout:1.0.3] AndroidManifest.xml:11:5-15:19
MERGED from [com.scwang.smartrefresh:SmartRefreshHeader:1.0.3] AndroidManifest.xml:11:5-15:19
MERGED from [com.android.support:design:25.1.1] AndroidManifest.xml:25:5-20
MERGED from [com.android.support:transition:25.1.1] AndroidManifest.xml:22:5-20
MERGED from [com.android.support.constraint:constraint-layout:1.0.2] AndroidManifest.xml:9:5-20
MERGED from [com.github.LuckSiege.PictureSelector:picture_library:v2.0.7] AndroidManifest.xml:22:5-55:19
MERGED from [com.android.support:appcompat-v7:25.1.1] AndroidManifest.xml:25:5-20
MERGED from [com.android.support:animated-vector-drawable:25.1.1] AndroidManifest.xml:22:5-20
MERGED from [com.android.support:support-vector-drawable:25.1.1] AndroidManifest.xml:23:5-20
MERGED from [com.android.support:support-v4:25.1.1] AndroidManifest.xml:25:5-20
MERGED from [com.android.support:support-fragment:25.1.1] AndroidManifest.xml:25:5-20
MERGED from [com.android.support:support-media-compat:25.1.1] AndroidManifest.xml:25:5-20
MERGED from [com.android.support:support-core-utils:25.1.1] AndroidManifest.xml:25:5-20
MERGED from [com.android.support:support-core-ui:25.1.1] AndroidManifest.xml:25:5-20
MERGED from [com.android.support:support-compat:25.1.1] AndroidManifest.xml:25:5-20
	android:label
		ADDED from src\main\AndroidManifest.xml:24:7-39
	android:supportsRtl
		ADDED from src\main\AndroidManifest.xml:25:7-33
	android:allowBackup
		ADDED from src\main\AndroidManifest.xml:22:7-33
	android:icon
		ADDED from src\main\AndroidManifest.xml:23:7-41
	android:theme
		ADDED from src\main\AndroidManifest.xml:26:7-38
	android:name
		ADDED from src\main\AndroidManifest.xml:21:7-43
activity#com.baihuodasha.bhds.activity.MainActivity
ADDED from src\main\AndroidManifest.xml:27:5-33:16
	android:name
		ADDED from src\main\AndroidManifest.xml:27:15-52
intent-filter#android.intent.action.MAIN+android.intent.category.LAUNCHER
ADDED from src\main\AndroidManifest.xml:28:7-32:23
action#android.intent.action.MAIN
ADDED from src\main\AndroidManifest.xml:29:9-60
	android:name
		ADDED from src\main\AndroidManifest.xml:29:17-58
category#android.intent.category.LAUNCHER
ADDED from src\main\AndroidManifest.xml:31:9-68
	android:name
		ADDED from src\main\AndroidManifest.xml:31:19-66
activity#com.baihuodasha.bhds.activity.MainActivityTabHost
ADDED from src\main\AndroidManifest.xml:34:5-37:62
	android:launchMode
		ADDED from src\main\AndroidManifest.xml:36:9-40
	android:windowSoftInputMode
		ADDED from src\main\AndroidManifest.xml:37:9-60
	android:name
		ADDED from src\main\AndroidManifest.xml:35:9-53
activity#com.baihuodasha.bhds.activity.myself.setting.ActivityMyselfInformation
ADDED from src\main\AndroidManifest.xml:38:5-82
	android:name
		ADDED from src\main\AndroidManifest.xml:38:15-80
activity#com.baihuodasha.bhds.activity.login.ActivityLogin
ADDED from src\main\AndroidManifest.xml:39:5-61
	android:name
		ADDED from src\main\AndroidManifest.xml:39:15-59
activity#com.baihuodasha.bhds.activity.login.ActivityRegister
ADDED from src\main\AndroidManifest.xml:40:5-64
	android:name
		ADDED from src\main\AndroidManifest.xml:40:15-62
activity#com.baihuodasha.bhds.activity.login.ActivityForget
ADDED from src\main\AndroidManifest.xml:41:5-62
	android:name
		ADDED from src\main\AndroidManifest.xml:41:15-60
activity#com.baihuodasha.bhds.activity.index.ActivityCommoditySearch
ADDED from src\main\AndroidManifest.xml:42:5-71
	android:name
		ADDED from src\main\AndroidManifest.xml:42:15-69
activity#com.baihuodasha.bhds.activity.myself.setting.ActivitySetting
ADDED from src\main\AndroidManifest.xml:43:5-44:16
	android:name
		ADDED from src\main\AndroidManifest.xml:43:15-70
activity#com.baihuodasha.bhds.activity.myself.setting.ActivityCellphonebinding
ADDED from src\main\AndroidManifest.xml:45:5-46:16
	android:name
		ADDED from src\main\AndroidManifest.xml:45:15-79
activity#com.baihuodasha.bhds.activity.myself.setting.ActivityAccountpassword
ADDED from src\main\AndroidManifest.xml:47:5-48:16
	android:name
		ADDED from src\main\AndroidManifest.xml:47:15-78
activity#com.baihuodasha.bhds.activity.myself.setting.ActivityPaymentcode
ADDED from src\main\AndroidManifest.xml:49:5-50:16
	android:name
		ADDED from src\main\AndroidManifest.xml:49:15-74
activity#com.baihuodasha.bhds.activity.myself.setting.ActivityAboutus
ADDED from src\main\AndroidManifest.xml:51:5-52:16
	android:name
		ADDED from src\main\AndroidManifest.xml:51:15-70
activity#com.baihuodasha.bhds.activity.myself.receiveraddress.ActivityReceiverAddress
ADDED from src\main\AndroidManifest.xml:53:5-54:16
	android:name
		ADDED from src\main\AndroidManifest.xml:53:15-86
activity#com.baihuodasha.bhds.activity.myself.receiveraddress.ActivityNewAddress
ADDED from src\main\AndroidManifest.xml:55:5-56:16
	android:name
		ADDED from src\main\AndroidManifest.xml:55:15-81
activity#com.baihuodasha.bhds.activity.supermarket.ActivityFlashSale
ADDED from src\main\AndroidManifest.xml:57:5-58:16
	android:name
		ADDED from src\main\AndroidManifest.xml:57:15-69
activity#com.baihuodasha.bhds.utils.statusbar.StatusBarActivity
ADDED from src\main\AndroidManifest.xml:59:5-66
	android:name
		ADDED from src\main\AndroidManifest.xml:59:15-64
activity#com.baihuodasha.bhds.activity.index.ActivityCommodityDetails
ADDED from src\main\AndroidManifest.xml:60:5-61:16
	android:name
		ADDED from src\main\AndroidManifest.xml:60:15-70
activity#com.baihuodasha.bhds.activity.index.ActivityCommentDetails
ADDED from src\main\AndroidManifest.xml:62:5-63:16
	android:name
		ADDED from src\main\AndroidManifest.xml:62:15-68
activity#com.baihuodasha.bhds.activity.index.ActivityCommodityEvaluation
ADDED from src\main\AndroidManifest.xml:64:5-65:16
	android:name
		ADDED from src\main\AndroidManifest.xml:64:15-73
activity#com.lidong.photopicker.PhotoPickerActivity
ADDED from src\main\AndroidManifest.xml:66:5-69:50
	android:configChanges
		ADDED from src\main\AndroidManifest.xml:68:9-55
	android:theme
		ADDED from src\main\AndroidManifest.xml:69:9-48
	android:name
		ADDED from src\main\AndroidManifest.xml:67:9-66
activity#com.lidong.photopicker.PhotoPreviewActivity
ADDED from src\main\AndroidManifest.xml:70:5-72:50
	android:theme
		ADDED from src\main\AndroidManifest.xml:72:9-48
	android:name
		ADDED from src\main\AndroidManifest.xml:71:9-67
activity#com.baihuodasha.bhds.utils.WebViewActivity
ADDED from src\main\AndroidManifest.xml:73:5-75:47
	android:screenOrientation
		ADDED from src\main\AndroidManifest.xml:75:9-45
	android:name
		ADDED from src\main\AndroidManifest.xml:74:9-46
activity#com.baihuodasha.bhds.activity.order.ActivityOrderConfirmation
ADDED from src\main\AndroidManifest.xml:76:5-77:16
	android:name
		ADDED from src\main\AndroidManifest.xml:76:15-71
activity#com.baihuodasha.bhds.activity.order.ActivityModePayment
ADDED from src\main\AndroidManifest.xml:78:5-79:16
	android:name
		ADDED from src\main\AndroidManifest.xml:78:15-65
activity#com.baihuodasha.bhds.activity.order.ActivityPaymenResult
ADDED from src\main\AndroidManifest.xml:80:5-81:16
	android:name
		ADDED from src\main\AndroidManifest.xml:80:15-66
activity#com.baihuodasha.bhds.activity.myself.ActivityMyRedPackets
ADDED from src\main\AndroidManifest.xml:82:5-83:16
	android:name
		ADDED from src\main\AndroidManifest.xml:82:15-67
activity#com.baihuodasha.bhds.activity.myself.ActivityPropertyRecharge
ADDED from src\main\AndroidManifest.xml:84:5-85:16
	android:name
		ADDED from src\main\AndroidManifest.xml:84:15-71
activity#com.baihuodasha.bhds.activity.myself.ActivityDestoonFinanceCharge
ADDED from src\main\AndroidManifest.xml:86:5-87:16
	android:name
		ADDED from src\main\AndroidManifest.xml:86:15-75
activity#com.baihuodasha.bhds.activity.index.ActivityProductList
ADDED from src\main\AndroidManifest.xml:88:5-89:16
	android:name
		ADDED from src\main\AndroidManifest.xml:88:15-65
uses-sdk
INJECTED from src\main\AndroidManifest.xml reason: use-sdk injection requested
MERGED from [bhds:mylibrary:unspecified] AndroidManifest.xml:7:5-9:41
MERGED from [com.foamtrace:photopicker:1.0] AndroidManifest.xml:7:5-9:41
MERGED from [bhds:pickerview:unspecified] AndroidManifest.xml:7:5-9:41
MERGED from [bhds:wheelview:unspecified] AndroidManifest.xml:7:5-9:41
MERGED from [com.scwang.smartrefresh:SmartRefreshLayout:1.0.3] AndroidManifest.xml:7:5-9:41
MERGED from [com.scwang.smartrefresh:SmartRefreshHeader:1.0.3] AndroidManifest.xml:7:5-9:41
MERGED from [com.android.support:design:25.1.1] AndroidManifest.xml:21:5-23:62
MERGED from [com.android.support:transition:25.1.1] AndroidManifest.xml:20:5-44
MERGED from [com.android.support.constraint:constraint-layout:1.0.2] AndroidManifest.xml:5:5-7:41
MERGED from [com.jakewharton:butterknife:8.4.0] AndroidManifest.xml:5:5-43
MERGED from [com.github.LuckSiege.PictureSelector:picture_library:v2.0.7] AndroidManifest.xml:7:5-9:41
MERGED from [com.github.LuckSiege.PictureSelector:ucrop:v2.0.7] AndroidManifest.xml:8:5-10:41
MERGED from [com.android.support:appcompat-v7:25.1.1] AndroidManifest.xml:21:5-23:78
MERGED from [com.android.support:animated-vector-drawable:25.1.1] AndroidManifest.xml:20:5-44
MERGED from [com.android.support:support-vector-drawable:25.1.1] AndroidManifest.xml:21:5-43
MERGED from [com.github.chrisbanes.photoview:library:1.2.4] AndroidManifest.xml:7:5-9:41
MERGED from [com.android.support:support-v4:25.1.1] AndroidManifest.xml:21:5-23:54
MERGED from [com.android.support:support-fragment:25.1.1] AndroidManifest.xml:21:5-23:60
MERGED from [com.android.support:support-media-compat:25.1.1] AndroidManifest.xml:21:5-23:63
MERGED from [com.android.support:support-core-utils:25.1.1] AndroidManifest.xml:21:5-23:61
MERGED from [io.reactivex.rxjava2:rxandroid:2.0.1] AndroidManifest.xml:19:5-43
MERGED from [jp.wasabeef:glide-transformations:2.0.0] AndroidManifest.xml:8:5-10:41
MERGED from [com.youth.banner:banner:1.4.10] AndroidManifest.xml:7:5-9:41
MERGED from [com.android.support:recyclerview-v7:25.1.1] AndroidManifest.xml:20:5-43
MERGED from [com.android.support:support-core-ui:25.1.1] AndroidManifest.xml:21:5-23:58
MERGED from [com.android.support:support-compat:25.1.1] AndroidManifest.xml:21:5-23:58
MERGED from [com.hyman:flowlayout-lib:1.1.2] AndroidManifest.xml:8:5-10:41
	tools:overrideLibrary
		ADDED from [com.android.support:design:25.1.1] AndroidManifest.xml:23:9-59
	android:targetSdkVersion
		INJECTED from src\main\AndroidManifest.xml
		INJECTED from src\main\AndroidManifest.xml
	android:minSdkVersion
		INJECTED from src\main\AndroidManifest.xml
		INJECTED from src\main\AndroidManifest.xml
uses-permission#android.permission.MOUNT_UNMOUNT_FILESYSTEMS
ADDED from [com.github.LuckSiege.PictureSelector:picture_library:v2.0.7] AndroidManifest.xml:14:5-84
	android:name
		ADDED from [com.github.LuckSiege.PictureSelector:picture_library:v2.0.7] AndroidManifest.xml:14:22-81
uses-permission#android.permission.WRITE_SETTINGS
ADDED from [com.github.LuckSiege.PictureSelector:picture_library:v2.0.7] AndroidManifest.xml:16:5-73
	android:name
		ADDED from [com.github.LuckSiege.PictureSelector:picture_library:v2.0.7] AndroidManifest.xml:16:22-70
uses-permission#android.permission.WRITE_MEDIA_STORAGE
ADDED from [com.github.LuckSiege.PictureSelector:picture_library:v2.0.7] AndroidManifest.xml:18:5-78
	android:name
		ADDED from [com.github.LuckSiege.PictureSelector:picture_library:v2.0.7] AndroidManifest.xml:18:22-75
uses-permission#android.permission.RECORD_AUDIO
ADDED from [com.github.LuckSiege.PictureSelector:picture_library:v2.0.7] AndroidManifest.xml:20:5-71
	android:name
		ADDED from [com.github.LuckSiege.PictureSelector:picture_library:v2.0.7] AndroidManifest.xml:20:22-68
activity#com.luck.picture.lib.PictureSelectorActivity
ADDED from [com.github.LuckSiege.PictureSelector:picture_library:v2.0.7] AndroidManifest.xml:25:9-29:55
	android:screenOrientation
		ADDED from [com.github.LuckSiege.PictureSelector:picture_library:v2.0.7] AndroidManifest.xml:27:13-49
	android:windowSoftInputMode
		ADDED from [com.github.LuckSiege.PictureSelector:picture_library:v2.0.7] AndroidManifest.xml:29:13-52
	android:theme
		ADDED from [com.github.LuckSiege.PictureSelector:picture_library:v2.0.7] AndroidManifest.xml:28:13-50
	android:name
		ADDED from [com.github.LuckSiege.PictureSelector:picture_library:v2.0.7] AndroidManifest.xml:26:13-72
activity#com.luck.picture.lib.PictureBaseActivity
ADDED from [com.github.LuckSiege.PictureSelector:picture_library:v2.0.7] AndroidManifest.xml:30:9-32:52
	android:screenOrientation
		ADDED from [com.github.LuckSiege.PictureSelector:picture_library:v2.0.7] AndroidManifest.xml:32:13-49
	android:name
		ADDED from [com.github.LuckSiege.PictureSelector:picture_library:v2.0.7] AndroidManifest.xml:31:13-68
activity#com.luck.picture.lib.PicturePreviewActivity
ADDED from [com.github.LuckSiege.PictureSelector:picture_library:v2.0.7] AndroidManifest.xml:33:9-35:52
	android:screenOrientation
		ADDED from [com.github.LuckSiege.PictureSelector:picture_library:v2.0.7] AndroidManifest.xml:35:13-49
	android:name
		ADDED from [com.github.LuckSiege.PictureSelector:picture_library:v2.0.7] AndroidManifest.xml:34:13-71
activity#com.luck.picture.lib.PictureVideoPlayActivity
ADDED from [com.github.LuckSiege.PictureSelector:picture_library:v2.0.7] AndroidManifest.xml:36:9-39:50
	android:screenOrientation
		ADDED from [com.github.LuckSiege.PictureSelector:picture_library:v2.0.7] AndroidManifest.xml:39:13-47
	android:configChanges
		ADDED from [com.github.LuckSiege.PictureSelector:picture_library:v2.0.7] AndroidManifest.xml:38:13-74
	android:name
		ADDED from [com.github.LuckSiege.PictureSelector:picture_library:v2.0.7] AndroidManifest.xml:37:13-73
activity#com.luck.picture.lib.PictureExternalPreviewActivity
ADDED from [com.github.LuckSiege.PictureSelector:picture_library:v2.0.7] AndroidManifest.xml:40:9-42:52
	android:screenOrientation
		ADDED from [com.github.LuckSiege.PictureSelector:picture_library:v2.0.7] AndroidManifest.xml:42:13-49
	android:name
		ADDED from [com.github.LuckSiege.PictureSelector:picture_library:v2.0.7] AndroidManifest.xml:41:13-79
activity#com.yalantis.ucrop.UCropActivity
ADDED from [com.github.LuckSiege.PictureSelector:picture_library:v2.0.7] AndroidManifest.xml:43:9-46:72
	android:screenOrientation
		ADDED from [com.github.LuckSiege.PictureSelector:picture_library:v2.0.7] AndroidManifest.xml:45:13-49
	android:theme
		ADDED from [com.github.LuckSiege.PictureSelector:picture_library:v2.0.7] AndroidManifest.xml:46:13-69
	android:name
		ADDED from [com.github.LuckSiege.PictureSelector:picture_library:v2.0.7] AndroidManifest.xml:44:13-60
activity#com.yalantis.ucrop.PictureMultiCuttingActivity
ADDED from [com.github.LuckSiege.PictureSelector:picture_library:v2.0.7] AndroidManifest.xml:47:9-50:72
	android:screenOrientation
		ADDED from [com.github.LuckSiege.PictureSelector:picture_library:v2.0.7] AndroidManifest.xml:49:13-49
	android:theme
		ADDED from [com.github.LuckSiege.PictureSelector:picture_library:v2.0.7] AndroidManifest.xml:50:13-69
	android:name
		ADDED from [com.github.LuckSiege.PictureSelector:picture_library:v2.0.7] AndroidManifest.xml:48:13-74
activity#com.luck.picture.lib.PicturePlayAudioActivity
ADDED from [com.github.LuckSiege.PictureSelector:picture_library:v2.0.7] AndroidManifest.xml:51:9-54:72
	android:screenOrientation
		ADDED from [com.github.LuckSiege.PictureSelector:picture_library:v2.0.7] AndroidManifest.xml:53:13-49
	android:theme
		ADDED from [com.github.LuckSiege.PictureSelector:picture_library:v2.0.7] AndroidManifest.xml:54:13-69
	android:name
		ADDED from [com.github.LuckSiege.PictureSelector:picture_library:v2.0.7] AndroidManifest.xml:52:13-73